<?xml version="1.0" encoding="UTF-8"?>
<beans xmlns="http://www.springframework.org/schema/beans" 
	xmlns:xsi="http://www.w3.org/2001/XMLSchema-instance"
	xmlns:aop="http://www.springframework.org/schema/aop"
	xmlns:tx="http://www.springframework.org/schema/tx"
	xsi:schemaLocation="http://www.springframework.org/schema/beans
						http://www.springframework.org/schema/beans/spring-beans-3.0.xsd
						http://www.springframework.org/schema/aop
						http://www.springframework.org/schema/aop/spring-aop-3.0.xsd
						http://www.springframework.org/schema/tx
						http://www.springframework.org/schema/tx/spring-tx-2.5.xsd">
							
	<bean id="dataSource" class="org.springframework.jdbc.datasource.SimpleDriverDataSource">
		<property name="driverClass" value="com.mysql.jdbc.Driver"></property>
		<property name="url" value="jdbc:mysql://localhost/test"></property>
		<property name="username" value="test"></property>
		<property name="password" value="test"></property>
	</bean>
	<bean id="userService" class="com.example.user.service.UserServiceImpl">
		<property name="userDao" ref="userDao"></property>
		<property name="mailSender" ref="mailSender"></property>
	</bean>
	<bean id="userDao" class="com.example.user.dao.UserDaoJdbc">
		<property name="dataSource" ref="dataSource"></property>
	</bean>
	<bean id="transactionManager" class="org.springframework.jdbc.datasource.DataSourceTransactionManager">
		<property name="dataSource" ref="dataSource"></property>
	</bean>
	<bean id="mailSender" class="com.example.user.service.DummyMailSender">
<!-- 		<property name="host" value="mail.server.com"></property> -->
	</bean>
	<tx:annotation-driven/>
	<tx:advice id="transactionAdvice" transaction-manager="transactionManager">
		<tx:attributes>
			<tx:method name="get*" read-only="true" />
			<tx:method name="*" />
		</tx:attributes>
	</tx:advice>
	<aop:config>
		<aop:advisor advice-ref="transactionAdvice" pointcut="bean(*Service)" />
	</aop:config>
	<bean id="testUserService" class="com.example.user.service.UserServiceTest$TestUserServiceImpl" parent="userService" />
</beans>